Arguments: 
  /usr/bin/node /usr/share/yarn/bin/yarn.js run prettier --write src/

PATH: 
  /home/gausie/.phpbrew/php/php-5.3.29/bin:/home/gausie/.jenv/shims:/home/gausie/.jenv/bin:/home/gausie/.deno/bin:/home/gausie/.pyenv/plugins/pyenv-virtualenv/shims:/home/gausie/.pyenv/shims:/home/gausie/.pyenv/bin:/usr/local/cuda-9.0/bin:/home/gausie/.yarn/bin:/home/gausie/.pyenv/shims:/home/gausie/bin:/usr/local/bin:/snap/bin:/home/gausie/.local/bin:/home/gausie/.jenv/shims:/home/gausie/.jenv/bin:/home/gausie/.deno/bin:/home/gausie/.pyenv/plugins/pyenv-virtualenv/shims:/home/gausie/.pyenv/shims:/home/gausie/.pyenv/bin:/usr/local/cuda-9.0/bin:/home/gausie/.yarn/bin:/home/gausie/.pyenv/shims:/home/gausie/bin:/usr/local/bin:/snap/bin:/home/gausie/.local/bin:/home/gausie/.cargo/bin:/home/gausie/.local/bin:/usr/local/sbin:/usr/local/bin:/usr/sbin:/usr/bin:/sbin:/bin:/usr/games:/usr/local/games:/snap/bin:/home/gausie/.pyenv/bin:/home/gausie/.npm-packages/bin:/home/gausie/.npm-packages/bin

Yarn version: 
  1.22.4

Node version: 
  14.15.0

Platform: 
  linux x64

Trace: 
  SyntaxError: /media/gausie/Shared_ext4/Projects/libram/package.json: Unexpected token } in JSON at position 371
      at JSON.parse (<anonymous>)
      at /usr/share/yarn/lib/cli.js:1625:59
      at Generator.next (<anonymous>)
      at step (/usr/share/yarn/lib/cli.js:310:30)
      at /usr/share/yarn/lib/cli.js:321:13

npm manifest: 
  {
    "name": "libram",
    "version": "0.0.1",
    "description": "JavaScript helper library for KoLmafia",
    "main": "index.js",
    "repository": "https://github.com/Loathing-Associates-Scripting-Society/libram",
    "author": "Samuel Gaus <sam@gaus.co.uk>",
    "license": "MIT",
    "private": false,
    "devDependencies": {
      "prettier": "^2.1.2",
      "typescript": "^4.0.5",
    },
    "type": "module"
  }

yarn manifest: 
  No manifest

Lockfile: 
  # THIS IS AN AUTOGENERATED FILE. DO NOT EDIT THIS FILE DIRECTLY.
  # yarn lockfile v1
  
  
  arg@^4.1.0:
    version "4.1.3"
    resolved "https://registry.yarnpkg.com/arg/-/arg-4.1.3.tgz#269fc7ad5b8e42cb63c896d5666017261c144089"
    integrity sha512-58S9QDqG0Xx27YwPSt9fJxivjYl432YCwfDMfZ+71RAqUrZef7LrKQZ3LHLOwCS4FLNBplP533Zx895SeOCHvA==
  
  buffer-from@^1.0.0:
    version "1.1.1"
    resolved "https://registry.yarnpkg.com/buffer-from/-/buffer-from-1.1.1.tgz#32713bc028f75c02fdb710d7c7bcec1f2c6070ef"
    integrity sha512-MQcXEUbCKtEo7bhqEs6560Hyd4XaovZlO/k9V3hjVUF/zwW7KBVdSK4gIt/bzwS9MbR5qob+F5jusZsb0YQK2A==
  
  cejs@latest:
    version "3.9.0"
    resolved "https://registry.yarnpkg.com/cejs/-/cejs-3.9.0.tgz#cc91d09283ba6e60fa1c06e3d6209de82af1321c"
    integrity sha512-DUze+9zOJtMT5j26VVno+zwhJCFg2BP5N5+vjM3gUpRzXMNFw3N9EjSbvmbC/rTVEBfmnxYJnFwXJv42v2mdxQ==
  
  diff@^4.0.1:
    version "4.0.2"
    resolved "https://registry.yarnpkg.com/diff/-/diff-4.0.2.tgz#60f3aecb89d5fae520c11aa19efc2bb982aade7d"
    integrity sha512-58lmxKSA4BNyLz+HHMUzlOEpg09FV+ev6ZMe3vJihgdxzgcwZ8VoEEPmALCZG9LmqfVoNMMKpttIYTVG6uDY7A==
  
  make-error@^1.1.1:
    version "1.3.6"
    resolved "https://registry.yarnpkg.com/make-error/-/make-error-1.3.6.tgz#2eb2e37ea9b67c4891f684a1394799af484cf7a2"
    integrity sha512-s8UhlNe7vPKomQhC1qFelMokr/Sc3AgNbso3n74mVPA5LTZwkB9NlXf4XPamLxJE8h0gh73rM94xvwRT2CVInw==
  
  prettier@^2.1.2:
    version "2.1.2"
    resolved "https://registry.yarnpkg.com/prettier/-/prettier-2.1.2.tgz#3050700dae2e4c8b67c4c3f666cdb8af405e1ce5"
    integrity sha512-16c7K+x4qVlJg9rEbXl7HEGmQyZlG4R9AgP+oHKRMsMsuk8s+ATStlf1NpDqyBI1HpVyfjLOeMhH2LvuNvV5Vg==
  
  source-map-support@^0.5.17:
    version "0.5.19"
    resolved "https://registry.yarnpkg.com/source-map-support/-/source-map-support-0.5.19.tgz#a98b62f86dcaf4f67399648c085291ab9e8fed61"
    integrity sha512-Wonm7zOCIJzBGQdB+thsPar0kYuCIzYvxZwlBa87yi/Mdjv7Tip2cyVbLj5o0cFPN4EVkuTwb3GDDyUx2DGnGw==
    dependencies:
      buffer-from "^1.0.0"
      source-map "^0.6.0"
  
  source-map@^0.6.0:
    version "0.6.1"
    resolved "https://registry.yarnpkg.com/source-map/-/source-map-0.6.1.tgz#74722af32e9614e9c287a8d0bbde48b5e2f1a263"
    integrity sha512-UjgapumWlbMhkBgzT7Ykc5YXUT46F0iKu8SGXq0bcwP5dz/h0Plj6enJqjz1Zbq2l5WaqYnrVbwWOWMyF3F47g==
  
  ts-node@^9.0.0:
    version "9.0.0"
    resolved "https://registry.yarnpkg.com/ts-node/-/ts-node-9.0.0.tgz#e7699d2a110cc8c0d3b831715e417688683460b3"
    integrity sha512-/TqB4SnererCDR/vb4S/QvSZvzQMJN8daAslg7MeaiHvD8rDZsSfXmNeNumyZZzMned72Xoq/isQljYSt8Ynfg==
    dependencies:
      arg "^4.1.0"
      diff "^4.0.1"
      make-error "^1.1.1"
      source-map-support "^0.5.17"
      yn "3.1.1"
  
  typescript@^4.0.5:
    version "4.0.5"
    resolved "https://registry.yarnpkg.com/typescript/-/typescript-4.0.5.tgz#ae9dddfd1069f1cb5beb3ef3b2170dd7c1332389"
    integrity sha512-ywmr/VrTVCmNTJ6iV2LwIrfG1P+lv6luD8sUJs+2eI9NLGigaN+nUQc13iHqisq7bra9lnmUSYqbJvegraBOPQ==
  
  wikiapi@^1.11.1:
    version "1.11.1"
    resolved "https://registry.yarnpkg.com/wikiapi/-/wikiapi-1.11.1.tgz#978f7caf8ba62068fc21cc413929b5c8ad03bcaf"
    integrity sha512-vuAAW8Cs9igROrbIwczFVZ9p7w7GwjFvU4R8DGalANO7AIioAN3Jy9+QVGIERUt3seyHQtBUtG0VFcHXpc15ZQ==
    dependencies:
      cejs latest
  
  yn@3.1.1:
    version "3.1.1"
    resolved "https://registry.yarnpkg.com/yn/-/yn-3.1.1.tgz#1e87401a09d767c1d5eab26a6e4c185182d2eb50"
    integrity sha512-Ux4ygGWsu2c7isFWe8Yu1YluJmqVhxqK2cLXNQA5AcC3QfbGNpM7fu0Y8b/z16pXLnFxZYvWhd3fhBY9DLmC6Q==
